immudb 2021/06/01 15:48:44 INFO: Caught SIGTERM
immudb 2021/06/01 15:48:44 INFO: Stopping immudb:
================ Config ================
Data dir         : ./db
Address          : 127.0.0.1:8001
Metrics address  : 127.0.0.1:9497/metrics
Config file      : configs/immudb.toml
PID file         : ./pid.log
Log file         : ./immudb.log
Max recv msg size: 33554432
Auth enabled     : true
Dev mode         : false
Default database : defaultdb
Maintenance mode : false
Synced mode      : false
----------------------------------------
Superadmin default credentials
   Username      : immudb
   Password      : immudb
========================================
immudb 2021/06/01 15:48:44 INFO: Indexing gracefully stopped at 'db/defaultdb'
immudb 2021/06/01 15:48:44 INFO: Flushing index 'db/defaultdb/index'...
immudb 2021/06/01 15:48:44 INFO: Flushing index 'db/defaultdb/index' successfully completed
immudb 2021/06/01 15:48:44 INFO: Indexing gracefully stopped at 'db/xebiabgvblockchain'
immudb 2021/06/01 15:48:44 INFO: Flushing index 'db/xebiabgvblockchain/index'...
immudb 2021/06/01 15:48:44 INFO: Flushing index 'db/xebiabgvblockchain/index' successfully completed
immudb 2021/06/01 15:48:44 INFO: Indexing gracefully stopped at 'db/systemdb'
immudb 2021/06/01 15:48:44 INFO: Flushing index 'db/systemdb/index'...
immudb 2021/06/01 15:48:44 INFO: Flushing index 'db/systemdb/index' successfully completed
immudb 2021/06/01 15:48:44 INFO: Shutdown completed
immudb 2021/06/01 15:48:55 INFO: 
 _                               _ _     
(_)                             | | |    
 _ _ __ ___  _ __ ___  _   _  __| | |__  
| | '_ ` _ \| '_ ` _ \| | | |/ _` | '_ \ 
| | | | | | | | | | | | |_| | (_| | |_) |
|_|_| |_| |_|_| |_| |_|\__,_|\__,_|_.__/ 

immudb 1.0.0
Commit  : fb5398fe7b7d69dd352685d477fbd01a86b64568
Built by: cleaversdev@gmail.com
Built at: Fri, 21 May 2021 16:29:30 IST
================ Config ================
Data dir         : ./db
Address          : 127.0.0.1:8001
Metrics address  : 127.0.0.1:9497/metrics
Config file      : configs/immudb.toml
PID file         : ./pid.log
Log file         : ./immudb.log
Max recv msg size: 33554432
Auth enabled     : true
Dev mode         : false
Default database : defaultdb
Maintenance mode : false
Synced mode      : false
----------------------------------------
Superadmin default credentials
   Username      : immudb
   Password      : immudb
========================================

immudb 2021/06/01 15:48:55 INFO: Indexing in progress at 'db/systemdb'
immudb 2021/06/01 15:48:55 INFO: Binary Linking up to date at 'db/systemdb'
immudb 2021/06/01 15:48:55 INFO: Flushing index 'db/systemdb/index'...
immudb 2021/06/01 15:48:55 INFO: Flushing index 'db/systemdb/index' successfully completed
immudb 2021/06/01 15:48:56 INFO: Admin user immudb successfully created
immudb 2021/06/01 15:48:56 INFO: Indexing in progress at 'db/defaultdb'
immudb 2021/06/01 15:48:56 INFO: Binary Linking up to date at 'db/defaultdb'
immudb 2021/06/01 15:48:56 INFO: Flushing index 'db/systemdb/index'...
immudb 2021/06/01 15:48:56 INFO: Flushing index 'db/systemdb/index' successfully completed
immudb 2021/06/01 15:48:56 INFO: Started with an empty database
immudb 2021/06/01 15:48:56 INFO: Webconsole enabled: 127.0.0.1:8002
immudb 2021/06/01 15:48:56 INFO: Web API server enabled on 127.0.0.1:8002/api (http)
immudb 2021/06/01 15:48:56 INFO: You can now use immuadmin and immuclient CLIs to login with the immudb superadmin user and start using immudb.
immudb 2021/06/01 15:51:59 INFO: Indexing in progress at 'db/blockchainimmudb'
immudb 2021/06/01 15:51:59 INFO: Binary Linking up to date at 'db/blockchainimmudb'
immudb 2021/06/01 15:51:59 INFO: Flushing index 'db/systemdb/index'...
immudb 2021/06/01 15:51:59 INFO: Flushing index 'db/systemdb/index' successfully completed
immudb 2021/06/01 15:51:59 INFO: 1 transaction/s to be indexed at 'db/systemdb'
immudb 2021/06/01 15:51:59 INFO: Flushing index 'db/systemdb/index'...
immudb 2021/06/01 15:51:59 INFO: Flushing index 'db/systemdb/index' successfully completed
immudb 2021/06/01 15:57:48 INFO: 1 transaction/s to be indexed at 'db/blockchainimmudb'
immudb 2021/06/01 15:58:49 INFO: Flushing index 'db/systemdb/index'...
immudb 2021/06/01 15:58:49 INFO: Flushing index 'db/systemdb/index' successfully completed
immudb 2021/06/01 15:58:58 INFO: 1 transaction/s to be indexed at 'db/blockchainimmudb'
immudb 2021/06/01 15:59:41 INFO: Caught SIGTERM
immudb 2021/06/01 15:59:41 INFO: Stopping immudb:
================ Config ================
Data dir         : ./db
Address          : 127.0.0.1:8001
Metrics address  : 127.0.0.1:9497/metrics
Config file      : configs/immudb.toml
PID file         : ./pid.log
Log file         : ./immudb.log
Max recv msg size: 33554432
Auth enabled     : true
Dev mode         : false
Default database : defaultdb
Maintenance mode : false
Synced mode      : false
----------------------------------------
Superadmin default credentials
   Username      : immudb
   Password      : immudb
========================================
immudb 2021/06/01 15:59:41 INFO: Indexing gracefully stopped at 'db/defaultdb'
immudb 2021/06/01 15:59:41 INFO: Flushing index 'db/defaultdb/index'...
immudb 2021/06/01 15:59:41 INFO: Flushing index 'db/defaultdb/index' successfully completed
immudb 2021/06/01 15:59:41 INFO: Indexing gracefully stopped at 'db/blockchainimmudb'
immudb 2021/06/01 15:59:41 INFO: Flushing index 'db/blockchainimmudb/index'...
immudb 2021/06/01 15:59:41 INFO: Flushing index 'db/blockchainimmudb/index' successfully completed
immudb 2021/06/01 15:59:41 INFO: Indexing gracefully stopped at 'db/systemdb'
immudb 2021/06/01 15:59:41 INFO: Flushing index 'db/systemdb/index'...
immudb 2021/06/01 15:59:41 INFO: Flushing not needed at 'db/systemdb/index'
immudb 2021/06/01 15:59:41 INFO: Shutdown completed
immudb 2021/06/01 16:00:04 INFO: 
 _                               _ _     
(_)                             | | |    
 _ _ __ ___  _ __ ___  _   _  __| | |__  
| | '_ ` _ \| '_ ` _ \| | | |/ _` | '_ \ 
| | | | | | | | | | | | |_| | (_| | |_) |
|_|_| |_| |_|_| |_| |_|\__,_|\__,_|_.__/ 

immudb 1.0.0
Commit  : fb5398fe7b7d69dd352685d477fbd01a86b64568
Built by: cleaversdev@gmail.com
Built at: Fri, 21 May 2021 16:29:30 IST
================ Config ================
Data dir         : ./db
Address          : 127.0.0.1:8001
Metrics address  : 127.0.0.1:9497/metrics
Config file      : configs/immudb.toml
PID file         : ./pid.log
Log file         : ./immudb.log
Max recv msg size: 33554432
Auth enabled     : true
Dev mode         : false
Default database : defaultdb
Maintenance mode : false
Synced mode      : false
----------------------------------------
Superadmin default credentials
   Username      : immudb
   Password      : immudb
========================================

immudb 2021/06/01 16:00:04 INFO: Indexing in progress at 'db/systemdb'
immudb 2021/06/01 16:00:04 INFO: Binary Linking up to date at 'db/systemdb'
immudb 2021/06/01 16:00:04 INFO: Flushing index 'db/systemdb/index'...
immudb 2021/06/01 16:00:04 INFO: Flushing index 'db/systemdb/index' successfully completed
immudb 2021/06/01 16:00:04 INFO: Admin user immudb successfully created
immudb 2021/06/01 16:00:04 INFO: Indexing in progress at 'db/defaultdb'
immudb 2021/06/01 16:00:04 INFO: Binary Linking up to date at 'db/defaultdb'
immudb 2021/06/01 16:00:04 INFO: Flushing index 'db/systemdb/index'...
immudb 2021/06/01 16:00:04 INFO: Flushing index 'db/systemdb/index' successfully completed
immudb 2021/06/01 16:00:04 INFO: Started with an empty database
immudb 2021/06/01 16:00:04 INFO: Webconsole enabled: 127.0.0.1:8002
immudb 2021/06/01 16:00:04 INFO: Web API server enabled on 127.0.0.1:8002/api (http)
immudb 2021/06/01 16:00:04 INFO: You can now use immuadmin and immuclient CLIs to login with the immudb superadmin user and start using immudb.
immudb 2021/06/01 16:00:13 INFO: Indexing in progress at 'db/blockchainimmudb'
immudb 2021/06/01 16:00:13 INFO: Binary Linking up to date at 'db/blockchainimmudb'
immudb 2021/06/01 16:00:13 INFO: Flushing index 'db/systemdb/index'...
immudb 2021/06/01 16:00:13 INFO: Flushing index 'db/systemdb/index' successfully completed
immudb 2021/06/01 16:00:13 INFO: Flushing index 'db/systemdb/index'...
immudb 2021/06/01 16:00:13 INFO: Flushing index 'db/systemdb/index' successfully completed
immudb 2021/06/01 16:02:59 INFO: Flushing index 'db/systemdb/index'...
immudb 2021/06/01 16:02:59 INFO: Flushing index 'db/systemdb/index' successfully completed
immudb 2021/06/01 16:03:43 INFO: Caught SIGTERM
immudb 2021/06/01 16:03:43 INFO: Stopping immudb:
================ Config ================
Data dir         : ./db
Address          : 127.0.0.1:8001
Metrics address  : 127.0.0.1:9497/metrics
Config file      : configs/immudb.toml
PID file         : ./pid.log
Log file         : ./immudb.log
Max recv msg size: 33554432
Auth enabled     : true
Dev mode         : false
Default database : defaultdb
Maintenance mode : false
Synced mode      : false
----------------------------------------
Superadmin default credentials
   Username      : immudb
   Password      : immudb
========================================
immudb 2021/06/01 16:03:43 INFO: Indexing gracefully stopped at 'db/defaultdb'
immudb 2021/06/01 16:03:43 INFO: Flushing index 'db/defaultdb/index'...
immudb 2021/06/01 16:03:43 INFO: Flushing index 'db/defaultdb/index' successfully completed
immudb 2021/06/01 16:03:43 INFO: Indexing gracefully stopped at 'db/blockchainimmudb'
immudb 2021/06/01 16:03:43 INFO: Flushing index 'db/blockchainimmudb/index'...
immudb 2021/06/01 16:03:43 INFO: Flushing index 'db/blockchainimmudb/index' successfully completed
immudb 2021/06/01 16:03:43 INFO: Indexing gracefully stopped at 'db/systemdb'
immudb 2021/06/01 16:03:43 INFO: Flushing index 'db/systemdb/index'...
immudb 2021/06/01 16:03:43 INFO: Flushing not needed at 'db/systemdb/index'
immudb 2021/06/01 16:03:43 INFO: Shutdown completed
immudb 2021/06/01 16:22:07 INFO: 
 _                               _ _     
(_)                             | | |    
 _ _ __ ___  _ __ ___  _   _  __| | |__  
| | '_ ` _ \| '_ ` _ \| | | |/ _` | '_ \ 
| | | | | | | | | | | | |_| | (_| | |_) |
|_|_| |_| |_|_| |_| |_|\__,_|\__,_|_.__/ 

immudb 1.0.0
Commit  : fb5398fe7b7d69dd352685d477fbd01a86b64568
Built by: cleaversdev@gmail.com
Built at: Fri, 21 May 2021 16:29:30 IST
================ Config ================
Data dir         : ./db
Address          : 127.0.0.1:8001
Metrics address  : 127.0.0.1:9497/metrics
Config file      : configs/immudb.toml
PID file         : ./pid.log
Log file         : ./immudb.log
Max recv msg size: 33554432
Auth enabled     : true
Dev mode         : false
Default database : defaultdb
Maintenance mode : false
Synced mode      : false
----------------------------------------
Superadmin default credentials
   Username      : immudb
   Password      : immudb
========================================

immudb 2021/06/01 16:22:07 INFO: Indexing in progress at 'db/systemdb'
immudb 2021/06/01 16:22:07 INFO: Binary Linking up to date at 'db/systemdb'
immudb 2021/06/01 16:22:07 INFO: Flushing index 'db/systemdb/index'...
immudb 2021/06/01 16:22:07 INFO: Flushing index 'db/systemdb/index' successfully completed
immudb 2021/06/01 16:22:08 INFO: Admin user immudb successfully created
immudb 2021/06/01 16:22:08 INFO: Indexing in progress at 'db/defaultdb'
immudb 2021/06/01 16:22:08 INFO: Binary Linking up to date at 'db/defaultdb'
immudb 2021/06/01 16:22:08 INFO: Flushing index 'db/systemdb/index'...
immudb 2021/06/01 16:22:08 INFO: Flushing index 'db/systemdb/index' successfully completed
immudb 2021/06/01 16:22:08 INFO: Started with an empty database
immudb 2021/06/01 16:22:08 INFO: You can now use immuadmin and immuclient CLIs to login with the immudb superadmin user and start using immudb.
immudb 2021/06/01 16:22:08 INFO: Webconsole enabled: 127.0.0.1:8002
immudb 2021/06/01 16:22:08 INFO: Web API server enabled on 127.0.0.1:8002/api (http)
immudb 2021/06/01 16:22:30 INFO: Indexing in progress at 'db/blockchainimmudb'
immudb 2021/06/01 16:22:30 INFO: Binary Linking up to date at 'db/blockchainimmudb'
immudb 2021/06/01 16:22:30 INFO: Flushing index 'db/systemdb/index'...
immudb 2021/06/01 16:22:30 INFO: Flushing index 'db/systemdb/index' successfully completed
immudb 2021/06/01 16:22:30 INFO: Flushing index 'db/systemdb/index'...
immudb 2021/06/01 16:22:30 INFO: Flushing index 'db/systemdb/index' successfully completed
immudb 2021/06/01 16:23:03 INFO: Flushing index 'db/systemdb/index'...
immudb 2021/06/01 16:23:03 INFO: Flushing index 'db/systemdb/index' successfully completed
